# JRE version: Java(TM) SE Runtime Environment (8.0_25-b17) (build 1.8.0_25-b17)
# Java VM: Java HotSpot(TM) 64-Bit Server VM (25.25-b02 mixed mode linux-amd64 compressed oops)
Heap:
 PSYoungGen      total 1416704K, used 778809K [0x0000000742700000, 0x00000007a5680000, 0x00000007c0000000)
  eden space 1349632K, 52% used [0x0000000742700000,0x000000076de3a328,0x0000000794d00000)
  from space 67072K, 99% used [0x000000079b700000,0x000000079f8543d8,0x000000079f880000)
  to   space 94720K, 0% used [0x000000079fa00000,0x000000079fa00000,0x00000007a5680000)
 ParOldGen       total 457728K, used 276691K [0x0000000647400000, 0x0000000663300000, 0x0000000742700000)
  object space 457728K, 60% used [0x0000000647400000,0x0000000658234d68,0x0000000663300000)
 Metaspace       used 7405K, capacity 7626K, committed 7808K, reserved 1056768K
  class space    used 785K, capacity 835K, committed 896K, reserved 1048576K
GC Heap History (10 events):
Event: 321,301 GC heap before
{Heap before GC invocations=228 (full 1):
 PSYoungGen      total 1480192K, used 1480001K [0x0000000742700000, 0x00000007a7300000, 0x00000007c0000000)
  eden space 1413632K, 100% used [0x0000000742700000,0x0000000798b80000,0x0000000798b80000)
  from space 66560K, 99% used [0x00000007a3200000,0x00000007a72d0420,0x00000007a7300000)
  to   space 91136K, 0% used [0x000000079c100000,0x000000079c100000,0x00000007a1a00000)
 ParOldGen       total 457728K, used 276683K [0x0000000647400000, 0x0000000663300000, 0x0000000742700000)
  object space 457728K, 60% used [0x0000000647400000,0x0000000658232d68,0x0000000663300000)
 Metaspace       used 5243K, capacity 5482K, committed 5760K, reserved 1056768K
  class space    used 557K, capacity 611K, committed 640K, reserved 1048576K
Event: 321,314 GC heap after
Heap after GC invocations=228 (full 1):
 PSYoungGen      total 1559552K, used 66369K [0x0000000742700000, 0x00000007ac800000, 0x00000007c0000000)
  eden space 1468416K, 0% used [0x0000000742700000,0x0000000742700000,0x000000079c100000)
  from space 91136K, 72% used [0x000000079c100000,0x00000007a01d0420,0x00000007a1a00000)
  to   space 91648K, 0% used [0x00000007a6e80000,0x00000007a6e80000,0x00000007ac800000)
 ParOldGen       total 457728K, used 276683K [0x0000000647400000, 0x0000000663300000, 0x0000000742700000)
  object space 457728K, 60% used [0x0000000647400000,0x0000000658232d68,0x0000000663300000)
 Metaspace       used 5243K, capacity 5482K, committed 5760K, reserved 1056768K
  class space    used 557K, capacity 611K, committed 640K, reserved 1048576K
}
Event: 322,700 GC heap before
{Heap before GC invocations=229 (full 1):
 PSYoungGen      total 1559552K, used 1534785K [0x0000000742700000, 0x00000007ac800000, 0x00000007c0000000)
  eden space 1468416K, 100% used [0x0000000742700000,0x000000079c100000,0x000000079c100000)
  from space 91136K, 72% used [0x000000079c100000,0x00000007a01d0420,0x00000007a1a00000)
  to   space 91648K, 0% used [0x00000007a6e80000,0x00000007a6e80000,0x00000007ac800000)
 ParOldGen       total 457728K, used 276683K [0x0000000647400000, 0x0000000663300000, 0x0000000742700000)
  object space 457728K, 60% used [0x0000000647400000,0x0000000658232d68,0x0000000663300000)
 Metaspace       used 5243K, capacity 5482K, committed 5760K, reserved 1056768K
  class space    used 557K, capacity 611K, committed 640K, reserved 1048576K
Event: 322,711 GC heap after
Heap after GC invocations=229 (full 1):
 PSYoungGen      total 1645568K, used 66385K [0x0000000742700000, 0x00000007b0200000, 0x00000007c0000000)
  eden space 1553920K, 0% used [0x0000000742700000,0x0000000742700000,0x00000007a1480000)
  from space 91648K, 72% used [0x00000007a6e80000,0x00000007aaf54408,0x00000007ac800000)
  to   space 92160K, 0% used [0x00000007a1480000,0x00000007a1480000,0x00000007a6e80000)
 ParOldGen       total 457728K, used 276683K [0x0000000647400000, 0x0000000663300000, 0x0000000742700000)
  object space 457728K, 60% used [0x0000000647400000,0x0000000658232d68,0x0000000663300000)
 Metaspace       used 5243K, capacity 5482K, committed 5760K, reserved 1056768K
  class space    used 557K, capacity 611K, committed 640K, reserved 1048576K
}
Event: 325,165 GC heap before
{Heap before GC invocations=230 (full 1):
 PSYoungGen      total 1645568K, used 1620305K [0x0000000742700000, 0x00000007b0200000, 0x00000007c0000000)
  eden space 1553920K, 100% used [0x0000000742700000,0x00000007a1480000,0x00000007a1480000)
  from space 91648K, 72% used [0x00000007a6e80000,0x00000007aaf54408,0x00000007ac800000)
  to   space 92160K, 0% used [0x00000007a1480000,0x00000007a1480000,0x00000007a6e80000)
 ParOldGen       total 457728K, used 276683K [0x0000000647400000, 0x0000000663300000, 0x0000000742700000)
  object space 457728K, 60% used [0x0000000647400000,0x0000000658232d68,0x0000000663300000)
 Metaspace       used 7335K, capacity 7562K, committed 7808K, reserved 1056768K
  class space    used 780K, capacity 835K, committed 896K, reserved 1048576K
Event: 325,181 GC heap after
Heap after GC invocations=230 (full 1):
 PSYoungGen      total 1549312K, used 67008K [0x0000000742700000, 0x00000007a8280000, 0x00000007c0000000)
  eden space 1482240K, 0% used [0x0000000742700000,0x0000000742700000,0x000000079ce80000)
  from space 67072K, 99% used [0x00000007a1480000,0x00000007a55f0360,0x00000007a5600000)
  to   space 45568K, 0% used [0x00000007a5600000,0x00000007a5600000,0x00000007a8280000)
 ParOldGen       total 457728K, used 276691K [0x0000000647400000, 0x0000000663300000, 0x0000000742700000)
  object space 457728K, 60% used [0x0000000647400000,0x0000000658234d68,0x0000000663300000)
 Metaspace       used 7335K, capacity 7562K, committed 7808K, reserved 1056768K
  class space    used 780K, capacity 835K, committed 896K, reserved 1048576K
}
Event: 326,558 GC heap before
{Heap before GC invocations=231 (full 1):
 PSYoungGen      total 1549312K, used 1549248K [0x0000000742700000, 0x00000007a8280000, 0x00000007c0000000)
  eden space 1482240K, 100% used [0x0000000742700000,0x000000079ce80000,0x000000079ce80000)
  from space 67072K, 99% used [0x00000007a1480000,0x00000007a55f0360,0x00000007a5600000)
  to   space 45568K, 0% used [0x00000007a5600000,0x00000007a5600000,0x00000007a8280000)
 ParOldGen       total 457728K, used 276691K [0x0000000647400000, 0x0000000663300000, 0x0000000742700000)
  object space 457728K, 60% used [0x0000000647400000,0x0000000658234d68,0x0000000663300000)
 Metaspace       used 7335K, capacity 7562K, committed 7808K, reserved 1056768K
  class space    used 780K, capacity 835K, committed 896K, reserved 1048576K
Event: 326,566 GC heap after
Heap after GC invocations=231 (full 1):
 PSYoungGen      total 1439744K, used 25588K [0x0000000742700000, 0x00000007a6f00000, 0x00000007c0000000)
  eden space 1414144K, 0% used [0x0000000742700000,0x0000000742700000,0x0000000798c00000)
  from space 25600K, 99% used [0x00000007a5600000,0x00000007a6efd168,0x00000007a6f00000)
  to   space 94208K, 0% used [0x000000079b700000,0x000000079b700000,0x00000007a1300000)
 ParOldGen       total 457728K, used 276691K [0x0000000647400000, 0x0000000663300000, 0x0000000742700000)
  object space 457728K, 60% used [0x0000000647400000,0x0000000658234d68,0x0000000663300000)
 Metaspace       used 7335K, capacity 7562K, committed 7808K, reserved 1056768K
  class space    used 780K, capacity 835K, committed 896K, reserved 1048576K
}
Event: 327,878 GC heap before
{Heap before GC invocations=232 (full 1):
 PSYoungGen      total 1439744K, used 1439732K [0x0000000742700000, 0x00000007a6f00000, 0x00000007c0000000)
  eden space 1414144K, 100% used [0x0000000742700000,0x0000000798c00000,0x0000000798c00000)
  from space 25600K, 99% used [0x00000007a5600000,0x00000007a6efd168,0x00000007a6f00000)
  to   space 94208K, 0% used [0x000000079b700000,0x000000079b700000,0x00000007a1300000)
 ParOldGen       total 457728K, used 276691K [0x0000000647400000, 0x0000000663300000, 0x0000000742700000)
  object space 457728K, 60% used [0x0000000647400000,0x0000000658234d68,0x0000000663300000)
 Metaspace       used 7335K, capacity 7562K, committed 7808K, reserved 1056768K
  class space    used 780K, capacity 835K, committed 896K, reserved 1048576K
Event: 327,892 GC heap after
Heap after GC invocations=232 (full 1):
 PSYoungGen      total 1416704K, used 66896K [0x0000000742700000, 0x00000007a5680000, 0x00000007c0000000)
  eden space 1349632K, 0% used [0x0000000742700000,0x0000000742700000,0x0000000794d00000)
  from space 67072K, 99% used [0x000000079b700000,0x000000079f8543d8,0x000000079f880000)
  to   space 94720K, 0% used [0x000000079fa00000,0x000000079fa00000,0x00000007a5680000)
 ParOldGen       total 457728K, used 276691K [0x0000000647400000, 0x0000000663300000, 0x0000000742700000)
  object space 457728K, 60% used [0x0000000647400000,0x0000000658234d68,0x0000000663300000)
 Metaspace       used 7335K, capacity 7562K, committed 7808K, reserved 1056768K
  class space    used 780K, capacity 835K, committed 896K, reserved 1048576K
}

